<?xml version="1.0" encoding="UTF-8"?>
<!-- Generated by org.testng.reporters.JUnitReportReporter -->
<testsuite hostname="DESKTOP-T69T9VJ" failures="0" tests="1" name="GeneralMethods.WindowsMethods" time="11.559" errors="0" timestamp="2024-08-06T10:29:47 IST" skipped="0">
  <testcase classname="GeneralMethods.WindowsMethods" name="general" time="11.559"/>
</testsuite> <!-- GeneralMethods.WindowsMethods -->
